<?xml version="1.0" encoding="UTF-8"?>
<!-- Generated by org.testng.reporters.JUnitReportReporter -->
<testsuite hostname="Joshua-PC" name="tests.SystemTest" tests="1" failures="0" timestamp="12 Apr 2016 07:39:38 GMT" time="0.005" errors="0">
  <testcase name="SystemTesting1" time="0.005" classname="tests.SystemTest"/>
</testsuite> <!-- tests.SystemTest -->
